

/******************************************************************************************
* WriteStepFile diagnostics.
* Date:                           Fri Jun 26 11:57:22 2015 
* Produced by:                    The EXPRESS Data Manager Version 5.02.0100.07 : 28 Aug 2013
* Module:                         EDMstepFileFactory/EDMstandAlone
* Host:                           HP450-01
* Database:                       C:\Users\rdhillon\AppData\Local\Temp\{EE981CD3-A1D8-4872-B481-DB0B4A464E79}\ifc
* Database version:               5507
* Database creation date:         Fri Jun 26 11:57:21 2015
* Model:                          DataRepository.ifc
* Model creation date:            Fri Jun 26 11:57:21 2015
* Header model:                   DataRepository.ifc_HeaderModel
* Header model creation date:     Fri Jun 26 11:57:21 2015
* Step file:                      col_reinf.ifc
* EDMuser:                        sdai-user
* EDMgroup:                       sdai-group
* License ID and type:            5605 : Permanent license. Expiry date: 
* EDMstepFileFactory options:     020000
******************************************************************************************/


------------------------------------------------------------------------------------------------
Operation terminated successfully.
------------------------------------------------------------------------------------------------

