

/******************************************************************************************
* WriteXmlFile diagnostics.
* Date:                           Wed Aug 12 18:40:13 2015 
* Produced by:                    The EXPRESS Data Manager Version 5.02.0100.07 : 28 Aug 2013
* Module:                         EDMxmlFactory/EDMstandAlone
* Host:                           HP450-01
* Database:                       C:\Users\rdhillon\AppData\Local\Temp\{0FCC69E1-7576-44D8-A08B-D66844728B82}\ifc
* Database version:               5507
* Database creation date:         Wed Aug 12 18:40:12 2015
* Express schema:                 IFC4
* Model:                          DataRepository.ifc
* Model creation date:            Wed Aug 12 18:40:12 2015
* Header model:                   DataRepository.ifc_HeaderModel
* Header model creation date:     Wed Aug 12 18:40:12 2015
* xmlFileName                     beam_reinf_ifc4.ifcxml
* xmlconfiguration                IFCXML_Official
* EDMuser:                        sdai-user
* EDMgroup:                       sdai-group
* License ID and type:            5605 : Permanent license. Expiry date: 
* EDMxmlFactory options:          02000200
******************************************************************************************/


------------------------------------------------------------------------------------------------
Operation terminated successfully.
------------------------------------------------------------------------------------------------

