

/******************************************************************************************
* WriteXmlFile diagnostics.
* Date:                           Tue Aug 04 13:54:42 2015 
* Produced by:                    The EXPRESS Data Manager Version 5.02.0100.07 : 28 Aug 2013
* Module:                         EDMxmlFactory/EDMstandAlone
* Host:                           HP450-01
* Database:                       C:\Users\rdhillon\AppData\Local\Temp\{4406FFF0-BF82-4CCA-ACFB-C24D146180F5}\ifc
* Database version:               5507
* Database creation date:         Tue Aug 04 13:54:41 2015
* Express schema:                 IFC2X3
* Model:                          DataRepository.ifc
* Model creation date:            Tue Aug 04 13:54:41 2015
* Header model:                   DataRepository.ifc_HeaderModel
* Header model creation date:     Tue Aug 04 13:54:41 2015
* xmlFileName                     beam_reinf1.ifcxml
* xmlconfiguration                IFCXML_Official
* EDMuser:                        sdai-user
* EDMgroup:                       sdai-group
* License ID and type:            5605 : Permanent license. Expiry date: 
* EDMxmlFactory options:          02000200
******************************************************************************************/


------------------------------------------------------------------------------------------------
Operation terminated successfully.
------------------------------------------------------------------------------------------------

