

/******************************************************************************************
* WriteStepFile diagnostics.
* Date:                           Fri Jun 26 11:42:43 2015 
* Produced by:                    The EXPRESS Data Manager Version 5.02.0100.07 : 28 Aug 2013
* Module:                         EDMstepFileFactory/EDMstandAlone
* Host:                           HP450-01
* Database:                       C:\Users\rdhillon\AppData\Local\Temp\{A2FE1F82-B285-4C90-BF1C-D79ED9EF31B2}\ifc
* Database version:               5507
* Database creation date:         Fri Jun 26 11:42:42 2015
* Model:                          DataRepository.ifc
* Model creation date:            Fri Jun 26 11:42:42 2015
* Header model:                   DataRepository.ifc_HeaderModel
* Header model creation date:     Fri Jun 26 11:42:42 2015
* Step file:                      col_beam_footing_reinf.ifc
* EDMuser:                        sdai-user
* EDMgroup:                       sdai-group
* License ID and type:            5605 : Permanent license. Expiry date: 
* EDMstepFileFactory options:     020000
******************************************************************************************/


------------------------------------------------------------------------------------------------
Operation terminated successfully.
------------------------------------------------------------------------------------------------

