

/******************************************************************************************
* WriteStepFile diagnostics.
* Date:                           Fri Jun 26 11:25:29 2015 
* Produced by:                    The EXPRESS Data Manager Version 5.02.0100.07 : 28 Aug 2013
* Module:                         EDMstepFileFactory/EDMstandAlone
* Host:                           HP450-01
* Database:                       C:\Users\rdhillon\AppData\Local\Temp\{05E3880F-70C9-4BB4-9361-B43919C48CB3}\ifc
* Database version:               5507
* Database creation date:         Fri Jun 26 11:25:28 2015
* Model:                          DataRepository.ifc
* Model creation date:            Fri Jun 26 11:25:28 2015
* Header model:                   DataRepository.ifc_HeaderModel
* Header model creation date:     Fri Jun 26 11:25:28 2015
* Step file:                      CompleteModel_col_beam_footing_slab_Reinforce_Assembly.ifc
* EDMuser:                        sdai-user
* EDMgroup:                       sdai-group
* License ID and type:            5605 : Permanent license. Expiry date: 
* EDMstepFileFactory options:     020000
******************************************************************************************/


------------------------------------------------------------------------------------------------
Operation terminated successfully.
------------------------------------------------------------------------------------------------

