

/******************************************************************************************
* WriteStepFile diagnostics.
* Date:                           Fri Jun 26 11:21:53 2015 
* Produced by:                    The EXPRESS Data Manager Version 5.02.0100.07 : 28 Aug 2013
* Module:                         EDMstepFileFactory/EDMstandAlone
* Host:                           HP450-01
* Database:                       C:\Users\rdhillon\AppData\Local\Temp\{4CFD3EF4-EACB-4D22-8731-9E2C11DC900B}\ifc
* Database version:               5507
* Database creation date:         Fri Jun 26 11:21:42 2015
* Model:                          DataRepository.ifc
* Model creation date:            Fri Jun 26 11:21:43 2015
* Header model:                   DataRepository.ifc_HeaderModel
* Header model creation date:     Fri Jun 26 11:21:43 2015
* Step file:                      CompleteModel_col_beam_footing_slab_Reinforce.ifc
* EDMuser:                        sdai-user
* EDMgroup:                       sdai-group
* License ID and type:            5605 : Permanent license. Expiry date: 
* EDMstepFileFactory options:     020000
******************************************************************************************/


------------------------------------------------------------------------------------------------
Operation terminated successfully.
------------------------------------------------------------------------------------------------

