

/******************************************************************************************
* WriteXmlFile diagnostics.
* Date:                           Fri Jun 26 11:58:36 2015 
* Produced by:                    The EXPRESS Data Manager Version 5.02.0100.07 : 28 Aug 2013
* Module:                         EDMxmlFactory/EDMstandAlone
* Host:                           HP450-01
* Database:                       C:\Users\rdhillon\AppData\Local\Temp\{29368C31-C0DC-48EF-92FE-6CEF63320825}\ifc
* Database version:               5507
* Database creation date:         Fri Jun 26 11:58:35 2015
* Express schema:                 IFC2X3
* Model:                          DataRepository.ifc
* Model creation date:            Fri Jun 26 11:58:35 2015
* Header model:                   DataRepository.ifc_HeaderModel
* Header model creation date:     Fri Jun 26 11:58:35 2015
* xmlFileName                     model1_slab_reinf.ifcxml
* xmlconfiguration                IFCXML_Official
* EDMuser:                        sdai-user
* EDMgroup:                       sdai-group
* License ID and type:            5605 : Permanent license. Expiry date: 
* EDMxmlFactory options:          02000200
******************************************************************************************/


------------------------------------------------------------------------------------------------
Operation terminated successfully.
------------------------------------------------------------------------------------------------

